600611976024162304
741856030417485907
386122197489549316
629887752766488617
363660805247467531
407077086805884940
820986955847565342
615929129941991455
843423878906511370
366565792910671873
710392526091321374
363868292211015681
715008959668551681
431780854637789185
542692826459144192
295357705105834004
481118014155259904
611234058940186634
389279594097934341
397590603082498048
469675870831902758
877419745522122762
363825856688160769
660002936742739975
495511715425812481
877088222004543488
150593612231475200
295544977948147712
256199080366178314
602203895464329216
377739928257298432
335017321598943234
388371707490074634
464006807254204436
756328718342946836
585736548876550144
462949326499479552
513690253530365952
705568321487241259
706986622578720859
533698325203910668
396122233698910218
363670969438699520
605937975377002530
494895084031049731
359323388071903232
687548304669671434
387369900487737347
447720427926585352
747758822646612070
817370427264860191
123208402498355200
505716613052629008
624666417215701013
430376957469786115
846922064115793920
669420034606759937
789848854773628939
856482075301117962
277089250908831766
817541925837602869
234998769538695169
752112578620030977
371126632469102595
243373748768473098
565144754313232409
649134606955708417
707267797297790976
738042243876913183
681736672844709909
678455371542822923
336350572158648330
496704277495152640
167016421153439746
372175794895585280
600611680711606284
300833102295465985
226672387293184000
866496406968336404
837469895440597012
287879609167642624
374825089356660736
373046630015959042
237093081026002946
675955924338212864
698817354771202090
359324326253690891
588458864010068000
850995925286912000
363895850147119104
664814905232195606
99959954378616832
692274157764739133
305387607649550337
403874109550755840
759386725918572545
832731781231804447
235148962103951360
738040533783543868
722248837967773776
397402456910462977
896664884186607706